<?xml version="1.0" encoding="UTF-8"?>
<!-- Generated by org.testng.reporters.JUnitReportReporter -->
<testsuite hostname="USER-20140718QC" name="org.gradle.GroupReportTest" tests="71" failures="0" timestamp="7 Nov 2014 02:30:44 GMT" time="25.906" errors="0">
  <testcase name="test8" time="0.438" classname="org.gradle.GroupReportTest"/>
  <testcase name="test7" time="0.312" classname="org.gradle.GroupReportTest"/>
  <testcase name="test7" time="0.313" classname="org.gradle.GroupReportTest"/>
  <testcase name="test2" time="0.453" classname="org.gradle.GroupReportTest"/>
  <testcase name="test2" time="0.312" classname="org.gradle.GroupReportTest"/>
  <testcase name="test2" time="0.469" classname="org.gradle.GroupReportTest"/>
  <testcase name="test3" time="0.297" classname="org.gradle.GroupReportTest"/>
  <testcase name="test4" time="0.375" classname="org.gradle.GroupReportTest"/>
  <testcase name="test4" time="0.375" classname="org.gradle.GroupReportTest"/>
  <testcase name="test9" time="0.297" classname="org.gradle.GroupReportTest"/>
  <testcase name="test9" time="0.313" classname="org.gradle.GroupReportTest"/>
  <testcase name="test4" time="0.422" classname="org.gradle.GroupReportTest"/>
  <testcase name="test8" time="0.375" classname="org.gradle.GroupReportTest"/>
  <testcase name="test5" time="0.359" classname="org.gradle.GroupReportTest"/>
  <testcase name="test9" time="0.390" classname="org.gradle.GroupReportTest"/>
  <testcase name="test5" time="0.454" classname="org.gradle.GroupReportTest"/>
  <testcase name="test2" time="0.297" classname="org.gradle.GroupReportTest"/>
  <testcase name="test4" time="0.375" classname="org.gradle.GroupReportTest"/>
  <testcase name="test3" time="0.313" classname="org.gradle.GroupReportTest"/>
  <testcase name="test4" time="0.422" classname="org.gradle.GroupReportTest"/>
  <testcase name="test3" time="0.344" classname="org.gradle.GroupReportTest"/>
  <testcase name="test5" time="0.391" classname="org.gradle.GroupReportTest"/>
  <testcase name="test9" time="0.328" classname="org.gradle.GroupReportTest"/>
  <testcase name="test4" time="0.390" classname="org.gradle.GroupReportTest"/>
  <testcase name="test4" time="0.359" classname="org.gradle.GroupReportTest"/>
  <testcase name="test2" time="0.312" classname="org.gradle.GroupReportTest"/>
  <testcase name="test5" time="0.437" classname="org.gradle.GroupReportTest"/>
  <testcase name="test6" time="0.312" classname="org.gradle.GroupReportTest"/>
  <testcase name="test0" time="0.672" classname="org.gradle.GroupReportTest"/>
  <testcase name="test9" time="0.297" classname="org.gradle.GroupReportTest"/>
  <testcase name="test9" time="0.375" classname="org.gradle.GroupReportTest"/>
  <testcase name="test7" time="0.296" classname="org.gradle.GroupReportTest"/>
  <testcase name="test9" time="0.344" classname="org.gradle.GroupReportTest"/>
  <testcase name="test9" time="0.391" classname="org.gradle.GroupReportTest"/>
  <testcase name="test3" time="0.328" classname="org.gradle.GroupReportTest"/>
  <testcase name="test3" time="0.344" classname="org.gradle.GroupReportTest"/>
  <testcase name="test0" time="0.406" classname="org.gradle.GroupReportTest"/>
  <testcase name="test0" time="0.531" classname="org.gradle.GroupReportTest"/>
  <testcase name="test5" time="0.500" classname="org.gradle.GroupReportTest"/>
  <testcase name="test8" time="0.344" classname="org.gradle.GroupReportTest"/>
  <testcase name="test3" time="0.359" classname="org.gradle.GroupReportTest"/>
  <testcase name="test6" time="0.297" classname="org.gradle.GroupReportTest"/>
  <testcase name="test1" time="0.406" classname="org.gradle.GroupReportTest"/>
  <testcase name="test0" time="0.281" classname="org.gradle.GroupReportTest"/>
  <testcase name="test5" time="0.406" classname="org.gradle.GroupReportTest"/>
  <testcase name="test5" time="0.406" classname="org.gradle.GroupReportTest"/>
  <testcase name="test8" time="0.375" classname="org.gradle.GroupReportTest"/>
  <testcase name="test5" time="0.391" classname="org.gradle.GroupReportTest"/>
  <testcase name="test9" time="0.312" classname="org.gradle.GroupReportTest"/>
  <testcase name="test8" time="0.343" classname="org.gradle.GroupReportTest"/>
  <testcase name="test3" time="0.297" classname="org.gradle.GroupReportTest"/>
  <testcase name="test3" time="0.313" classname="org.gradle.GroupReportTest"/>
  <testcase name="test4" time="0.375" classname="org.gradle.GroupReportTest"/>
  <testcase name="test4" time="0.375" classname="org.gradle.GroupReportTest"/>
  <testcase name="test5" time="0.485" classname="org.gradle.GroupReportTest"/>
  <testcase name="test2" time="0.297" classname="org.gradle.GroupReportTest"/>
  <testcase name="test1" time="0.328" classname="org.gradle.GroupReportTest"/>
  <testcase name="test6" time="0.313" classname="org.gradle.GroupReportTest"/>
  <testcase name="test2" time="0.313" classname="org.gradle.GroupReportTest"/>
  <testcase name="test2" time="0.328" classname="org.gradle.GroupReportTest"/>
  <testcase name="test2" time="0.329" classname="org.gradle.GroupReportTest"/>
  <testcase name="test3" time="0.437" classname="org.gradle.GroupReportTest"/>
  <testcase name="test7" time="0.328" classname="org.gradle.GroupReportTest"/>
  <testcase name="test2" time="0.328" classname="org.gradle.GroupReportTest"/>
  <testcase name="test7" time="0.360" classname="org.gradle.GroupReportTest"/>
  <testcase name="test8" time="0.328" classname="org.gradle.GroupReportTest"/>
  <testcase name="test3" time="0.421" classname="org.gradle.GroupReportTest"/>
  <testcase name="test9" time="0.313" classname="org.gradle.GroupReportTest"/>
  <testcase name="test2" time="0.313" classname="org.gradle.GroupReportTest"/>
  <testcase name="test2" time="0.312" classname="org.gradle.GroupReportTest"/>
  <testcase name="test4" time="0.375" classname="org.gradle.GroupReportTest"/>
</testsuite> <!-- org.gradle.GroupReportTest -->
