<?xml version="1.0" encoding="UTF-8"?>
<!-- Generated by org.testng.reporters.JUnitReportReporter -->
<testsuite hostname="KONGZHAOLEI" name="org.gradle.HttpServiceTest" tests="13" failures="0" timestamp="17 Sep 2015 09:21:43 GMT" time="14.509" errors="0">
  <testcase name="test0" time="0.354" classname="org.gradle.HttpServiceTest"/>
  <testcase name="test0" time="0.891" classname="org.gradle.HttpServiceTest"/>
  <testcase name="test0" time="0.468" classname="org.gradle.HttpServiceTest"/>
  <testcase name="test0" time="0.692" classname="org.gradle.HttpServiceTest"/>
  <testcase name="test0" time="0.326" classname="org.gradle.HttpServiceTest"/>
  <testcase name="test0" time="4.731" classname="org.gradle.HttpServiceTest"/>
  <testcase name="test0" time="0.247" classname="org.gradle.HttpServiceTest"/>
  <testcase name="test0" time="0.582" classname="org.gradle.HttpServiceTest"/>
  <testcase name="test0" time="0.388" classname="org.gradle.HttpServiceTest"/>
  <testcase name="test0" time="4.854" classname="org.gradle.HttpServiceTest"/>
  <testcase name="test0" time="0.568" classname="org.gradle.HttpServiceTest"/>
  <testcase name="test0" time="0.174" classname="org.gradle.HttpServiceTest"/>
  <testcase name="test0" time="0.234" classname="org.gradle.HttpServiceTest"/>
</testsuite> <!-- org.gradle.HttpServiceTest -->
