<?xml version="1.0" encoding="UTF-8"?>
<!-- Generated by org.testng.reporters.JUnitReportReporter -->
<testsuite hostname="USER-20140718QC" name="org.gradle.CommonReportTest" tests="14" failures="0" timestamp="17 Nov 2014 03:06:52 GMT" time="4.469" errors="0">
  <testcase name="test6" time="0.297" classname="org.gradle.CommonReportTest"/>
  <testcase name="test6" time="0.312" classname="org.gradle.CommonReportTest"/>
  <testcase name="test6" time="0.250" classname="org.gradle.CommonReportTest"/>
  <testcase name="test6" time="0.312" classname="org.gradle.CommonReportTest"/>
  <testcase name="test6" time="0.359" classname="org.gradle.CommonReportTest"/>
  <testcase name="test6" time="0.297" classname="org.gradle.CommonReportTest"/>
  <testcase name="test6" time="0.422" classname="org.gradle.CommonReportTest"/>
  <testcase name="test6" time="0.313" classname="org.gradle.CommonReportTest"/>
  <testcase name="test6" time="0.313" classname="org.gradle.CommonReportTest"/>
  <testcase name="test6" time="0.297" classname="org.gradle.CommonReportTest"/>
  <testcase name="test6" time="0.328" classname="org.gradle.CommonReportTest"/>
  <testcase name="test6" time="0.313" classname="org.gradle.CommonReportTest"/>
  <testcase name="test6" time="0.328" classname="org.gradle.CommonReportTest"/>
  <testcase name="test6" time="0.328" classname="org.gradle.CommonReportTest"/>
</testsuite> <!-- org.gradle.CommonReportTest -->
